============================= test session starts ==============================
platform linux -- Python 3.11.12, pytest-8.3.5, pluggy-1.6.0 -- /root/.pyenv/versions/3.11.12/bin/python3.11
cachedir: .pytest_cache
rootdir: /workspace/ds1004-lab9
plugins: anyio-4.9.0
collecting ... collected 0 items / 1 error

==================================== ERRORS ====================================
____________________ ERROR collecting tests/test_solver.py _____________________
ImportError while importing test module '/workspace/ds1004-lab9/tests/test_solver.py'.
Hint: make sure your test modules/packages have valid Python names.
Traceback:
/root/.pyenv/versions/3.11.12/lib/python3.11/site-packages/_pytest/python.py:493: in importtestmodule
    mod = import_path(
/root/.pyenv/versions/3.11.12/lib/python3.11/site-packages/_pytest/pathlib.py:587: in import_path
    importlib.import_module(module_name)
/root/.pyenv/versions/3.11.12/lib/python3.11/importlib/__init__.py:126: in import_module
    return _bootstrap._gcd_import(name[level:], package, level)
<frozen importlib._bootstrap>:1204: in _gcd_import
    ???
<frozen importlib._bootstrap>:1176: in _find_and_load
    ???
<frozen importlib._bootstrap>:1147: in _find_and_load_unlocked
    ???
<frozen importlib._bootstrap>:690: in _load_unlocked
    ???
/root/.pyenv/versions/3.11.12/lib/python3.11/site-packages/_pytest/assertion/rewrite.py:185: in exec_module
    exec(co, module.__dict__)
tests/test_solver.py:1: in <module>
    import jax
E   ModuleNotFoundError: No module named 'jax'
=========================== short test summary info ============================
ERROR tests/test_solver.py
!!!!!!!!!!!!!!!!!!!! Interrupted: 1 error during collection !!!!!!!!!!!!!!!!!!!!
=============================== 1 error in 0.36s ===============================
